<?xml version="1.0" encoding="UTF-8"?>
<testng-results ignored="0" total="1" passed="1" failed="0" skipped="0">
  <reporter-output>
  </reporter-output>
  <suite started-at="2021-11-20T11:11:57 IST" name="Default suite" finished-at="2021-11-20T11:12:47 IST" duration-ms="49949">
    <groups>
    </groups>
    <test started-at="2021-11-20T11:11:57 IST" name="Default test" finished-at="2021-11-20T11:12:47 IST" duration-ms="49949">
      <class name="pageobject.GiftCard">
        <test-method is-config="true" signature="initialise()[pri:0, instance:pageobject.GiftCard@3cce5371]" started-at="2021-11-20T11:11:57 IST" name="initialise" finished-at="2021-11-20T11:12:08 IST" duration-ms="10092" status="PASS">
          <reporter-output>
          </reporter-output>
        </test-method> <!-- initialise -->
        <test-method signature="giftCard()[pri:0, instance:pageobject.GiftCard@3cce5371]" started-at="2021-11-20T11:12:08 IST" name="giftCard" finished-at="2021-11-20T11:12:46 IST" duration-ms="38576" status="PASS">
          <reporter-output>
          </reporter-output>
        </test-method> <!-- giftCard -->
        <test-method is-config="true" signature="close()[pri:0, instance:pageobject.GiftCard@3cce5371]" started-at="2021-11-20T11:12:46 IST" name="close" finished-at="2021-11-20T11:12:47 IST" duration-ms="1002" status="PASS">
          <reporter-output>
          </reporter-output>
        </test-method> <!-- close -->
      </class> <!-- pageobject.GiftCard -->
    </test> <!-- Default test -->
  </suite> <!-- Default suite -->
</testng-results>
