<?xml version="1.0" encoding="UTF-8"?>
<!-- Generated by org.testng.reporters.JUnitXMLReporter -->
<testsuite ignored="0" hostname="LAPTOP-ULCVVG57" failures="1" tests="1" name="PersonalizedGifts" time="15.881" errors="0" timestamp="2021-11-17T13:14:03 IST">
  <testcase classname="pageobject.PersonilizedGifts" name="PersonalizedGift" time="13.268">
    <failure type="java.lang.AssertionError" message="expected [ Pokémon Silicone Sling Pouch Bag] but found [Scratch World Map]">
      <![CDATA[java.lang.AssertionError: expected [ Pokémon Silicone Sling Pouch Bag] but found [Scratch World Map]
at pageobject.PersonilizedGifts.PersonalizedGift(PersonilizedGifts.java:37)
at java.base/java.util.ArrayList.forEach(ArrayList.java:1511)
... Removed 33 stack frames]]>
    </failure>
  </testcase> <!-- PersonalizedGift -->
</testsuite> <!-- PersonalizedGifts -->
